<!DOCTYPE html PUBLIC "-//W3C//DTD XHTML 1.1//EN" "https://www.w3.org/TR/xhtml11/DTD/xhtml11.dtd">
<html xmlns="https://www.w3.org/1999/xhtml">
<head>
<meta http-equiv="content-type" content="text/html; charset=UTF-8"/>
<title>TestNG Report</title>
<style type="text/css">table {margin-bottom:10px;border-collapse:collapse;empty-cells:show}th,td {border:1px solid #009;padding:.25em .5em}th {vertical-align:bottom}td {vertical-align:top}table a {font-weight:bold}.stripe td {background-color: #E6EBF9}.num {text-align:right}.passedodd td {background-color: #3F3}.passedeven td {background-color: #0A0}.skippedodd td {background-color: #DDD}.skippedeven td {background-color: #CCC}.failedodd td,.attn {background-color: #F33}.failedeven td,.stripe .attn {background-color: #D00}.stacktrace {white-space:pre;font-family:monospace}.totop {font-size:85%;text-align:center;border-bottom:2px solid #000}.invisible {display:none}</style>
</head>
<body>
<table>
<tr><th>Test</th><th># Passed</th><th># Skipped</th><th># Retried</th><th># Failed</th><th>Time (ms)</th><th>Included Groups</th><th>Excluded Groups</th></tr>
<tr><th colspan="8">CrossbrowserSuite</th></tr>
<tr><td><a href="#t0">HighPriorityTest</a></td><td class="num">2</td><td class="num">0</td><td class="num">0</td><td class="num attn">1</td><td class="num">57,755</td><td></td><td></td></tr>
<tr class="stripe"><td><a href="#t1">LowPriorityTest</a></td><td class="num">2</td><td class="num">0</td><td class="num">0</td><td class="num attn">1</td><td class="num">76,744</td><td></td><td></td></tr>
<tr><th>Total</th><th class="num">4</th><th class="num">0</th><th class="num">0</th><th class="num attn">2</th><th class="num">134,499</th><th colspan="2"></th></tr>
</table>
<table id='summary'><thead><tr><th>Class</th><th>Method</th><th>Start</th><th>Time (ms)</th></tr></thead><tbody><tr><th colspan="4">CrossbrowserSuite</th></tr></tbody><tbody id="t0"><tr><th colspan="4">HighPriorityTest &#8212; failed</th></tr><tr class="failedeven"><td rowspan="1">com.Saucedemo.TestClasses.TC02_LoginfunctionalityNegativeWay</td><td><a href="#m0">verifyloginnegativefunctionality</a></td><td rowspan="1">1665375390363</td><td rowspan="1">6205</td></tr><tr><th colspan="4">HighPriorityTest &#8212; passed</th></tr><tr class="passedeven"><td rowspan="1">com.Saucedemo.TestClasses.TC01_VerifyLoginFunctionality</td><td><a href="#m1">loginfuctionality</a></td><td rowspan="1">1665375390862</td><td rowspan="1">4088</td></tr><tr class="passedodd"><td rowspan="1">com.Saucedemo.TestClasses.TC06_ProceedToCheckOuProduct</td><td><a href="#m2">verifyproceedtobuyfunctionality</a></td><td rowspan="1">1665375390010</td><td rowspan="1">14485</td></tr></tbody>
<tbody id="t1"><tr><th colspan="4">LowPriorityTest &#8212; failed</th></tr><tr class="failedeven"><td rowspan="1">com.Saucedemo.TestClasses.TC02_LoginfunctionalityNegativeWay</td><td><a href="#m3">verifyloginnegativefunctionality</a></td><td rowspan="1">1665375474882</td><td rowspan="1">2908</td></tr><tr><th colspan="4">LowPriorityTest &#8212; passed</th></tr><tr class="passedeven"><td rowspan="1">com.Saucedemo.TestClasses.TC01_VerifyLoginFunctionality</td><td><a href="#m4">loginfuctionality</a></td><td rowspan="1">1665375450127</td><td rowspan="1">1228</td></tr><tr class="passedodd"><td rowspan="1">com.Saucedemo.TestClasses.TC06_ProceedToCheckOuProduct</td><td><a href="#m5">verifyproceedtobuyfunctionality</a></td><td rowspan="1">1665375461560</td><td rowspan="1">6513</td></tr></tbody>
</table>
<h2>HighPriorityTest</h2><h3 id="m0">com.Saucedemo.TestClasses.TC02_LoginfunctionalityNegativeWay#verifyloginnegativefunctionality</h3><table class="result"><tr><th>Exception</th></tr><tr><td><div class="stacktrace">java.lang.AssertionError: expected [https://www.saucedemo.com/] but found [https://www.saucedemo.com/inventory.html]
	at com.Saucedemo.TestClasses.TC02_LoginfunctionalityNegativeWay.verifyloginnegativefunctionality(TC02_LoginfunctionalityNegativeWay.java:25)
	at java.base/java.util.concurrent.ThreadPoolExecutor.runWorker(ThreadPoolExecutor.java:1136)
	at java.base/java.util.concurrent.ThreadPoolExecutor$Worker.run(ThreadPoolExecutor.java:635)
	at java.base/java.lang.Thread.run(Thread.java:833)
... Removed 16 stack frames</div></td></tr></table><p class="totop"><a href="#summary">back to summary</a></p>
<h3 id="m1">com.Saucedemo.TestClasses.TC01_VerifyLoginFunctionality#loginfuctionality</h3><table class="result"><tr><th class="invisible"/></tr></table><p class="totop"><a href="#summary">back to summary</a></p>
<h3 id="m2">com.Saucedemo.TestClasses.TC06_ProceedToCheckOuProduct#verifyproceedtobuyfunctionality</h3><table class="result"><tr><th class="invisible"/></tr></table><p class="totop"><a href="#summary">back to summary</a></p>
<h2>LowPriorityTest</h2><h3 id="m3">com.Saucedemo.TestClasses.TC02_LoginfunctionalityNegativeWay#verifyloginnegativefunctionality</h3><table class="result"><tr><th>Exception</th></tr><tr><td><div class="stacktrace">java.lang.AssertionError: expected [https://www.saucedemo.com/] but found [https://www.saucedemo.com/inventory.html]
	at com.Saucedemo.TestClasses.TC02_LoginfunctionalityNegativeWay.verifyloginnegativefunctionality(TC02_LoginfunctionalityNegativeWay.java:25)
	at java.base/java.util.concurrent.ThreadPoolExecutor.runWorker(ThreadPoolExecutor.java:1136)
	at java.base/java.util.concurrent.ThreadPoolExecutor$Worker.run(ThreadPoolExecutor.java:635)
	at java.base/java.lang.Thread.run(Thread.java:833)
... Removed 16 stack frames</div></td></tr></table><p class="totop"><a href="#summary">back to summary</a></p>
<h3 id="m4">com.Saucedemo.TestClasses.TC01_VerifyLoginFunctionality#loginfuctionality</h3><table class="result"><tr><th class="invisible"/></tr></table><p class="totop"><a href="#summary">back to summary</a></p>
<h3 id="m5">com.Saucedemo.TestClasses.TC06_ProceedToCheckOuProduct#verifyproceedtobuyfunctionality</h3><table class="result"><tr><th class="invisible"/></tr></table><p class="totop"><a href="#summary">back to summary</a></p>
</body>
</html>
